DEBUG c_tests/utils_tests.c: main:85 ----- RUNNING: ./c_tests/utils_tests
DEBUG c_tests/utils_tests.c: all_tests:79 
----- test_line_count
DEBUG c_tests/utils_tests.c: all_tests:80 
----- test_parse_file_name
DEBUG c_tests/utils_tests.c: main:85 ----- RUNNING: ./c_tests/utils_tests
DEBUG c_tests/utils_tests.c: all_tests:79 
----- test_line_count
DEBUG c_tests/utils_tests.c: all_tests:80 
----- test_parse_file_name
DEBUG c_tests/utils_tests.c: main:85 ----- RUNNING: ./c_tests/utils_tests
DEBUG c_tests/utils_tests.c: all_tests:79 
----- test_line_count
DEBUG c_tests/utils_tests.c: all_tests:80 
----- test_parse_file_name
DEBUG c_tests/utils_tests.c: main:85 ----- RUNNING: ./c_tests/utils_tests
DEBUG c_tests/utils_tests.c: all_tests:79 
----- test_line_count
DEBUG c_tests/utils_tests.c: all_tests:80 
----- test_parse_file_name
DEBUG c_tests/utils_tests.c: main:85 ----- RUNNING: ./c_tests/utils_tests
DEBUG c_tests/utils_tests.c: all_tests:79 
----- test_line_count
DEBUG c_tests/utils_tests.c: all_tests:80 
----- test_parse_file_name
DEBUG c_tests/utils_tests.c: main:85 ----- RUNNING: ./c_tests/utils_tests
DEBUG c_tests/utils_tests.c: all_tests:79 
----- test_line_count
DEBUG c_tests/utils_tests.c: all_tests:80 
----- test_parse_file_name
DEBUG c_tests/utils_tests.c: main:85 ----- RUNNING: ./c_tests/utils_tests
DEBUG c_tests/utils_tests.c: all_tests:79 
----- test_line_count
DEBUG c_tests/utils_tests.c: all_tests:80 
----- test_parse_file_name
DEBUG c_tests/utils_tests.c: main:85 ----- RUNNING: ./c_tests/utils_tests
DEBUG c_tests/utils_tests.c: all_tests:79 
----- test_line_count
DEBUG c_tests/utils_tests.c: all_tests:80 
----- test_parse_file_name
DEBUG c_tests/utils_tests.c: main:85 ----- RUNNING: ./c_tests/utils_tests
DEBUG c_tests/utils_tests.c: all_tests:79 
----- test_line_count
DEBUG c_tests/utils_tests.c: all_tests:80 
----- test_parse_file_name
DEBUG c_tests/utils_tests.c: main:85 ----- RUNNING: ./c_tests/utils_tests
DEBUG c_tests/utils_tests.c: all_tests:79 
----- test_line_count
DEBUG c_tests/utils_tests.c: all_tests:80 
----- test_parse_file_name
DEBUG c_tests/utils_tests.c: main:85 ----- RUNNING: ./c_tests/utils_tests
DEBUG c_tests/utils_tests.c: all_tests:79 
----- test_line_count
DEBUG c_tests/utils_tests.c: all_tests:80 
----- test_parse_file_name
DEBUG c_tests/utils_tests.c: main:85 ----- RUNNING: ./c_tests/utils_tests
DEBUG c_tests/utils_tests.c: all_tests:79 
----- test_line_count
DEBUG c_tests/utils_tests.c: all_tests:80 
----- test_parse_file_name
DEBUG c_tests/utils_tests.c: main:85 ----- RUNNING: ./c_tests/utils_tests
DEBUG c_tests/utils_tests.c: all_tests:79 
----- test_line_count
DEBUG c_tests/utils_tests.c: all_tests:80 
----- test_parse_file_name
DEBUG c_tests/utils_tests.c: main:85 ----- RUNNING: ./c_tests/utils_tests
DEBUG c_tests/utils_tests.c: all_tests:79 
----- test_line_count
DEBUG c_tests/utils_tests.c: all_tests:80 
----- test_parse_file_name
LASTPRINT FOR (null): :49985-49986	0.333333./c_tests/test_4bam2bwbases.sh: line 8: 18164 Segmentation fault      ../bin/bam2bwbases -i ../test_data/volvox-sorted.bam -o ../test_data/tmp.bases.bw -F3844
DEBUG c_tests/utils_tests.c: main:85 ----- RUNNING: ./c_tests/utils_tests
DEBUG c_tests/utils_tests.c: all_tests:79 
----- test_line_count
DEBUG c_tests/utils_tests.c: all_tests:80 
----- test_parse_file_name
LASTPRINT FOR 0: :49985-49986	0.333333LASTPRINT FOR 1: :49973-49986	0.000000LASTPRINT FOR 2: :49983-49986	0.000000LASTPRINT FOR 3: :49985-49986	0.666667LASTPRINT FOR 0: :89-90	0.000000LASTPRINT FOR 1: :84-90	0.000000LASTPRINT FOR 2: :88-90	0.000000LASTPRINT FOR 3: :89-90	1.000000DEBUG c_tests/utils_tests.c: main:85 ----- RUNNING: ./c_tests/utils_tests
DEBUG c_tests/utils_tests.c: all_tests:79 
----- test_line_count
DEBUG c_tests/utils_tests.c: all_tests:80 
----- test_parse_file_name
LASTPRINT FOR 0: :49985-49986	0.333333
LASTPRINT FOR 1: :49973-49986	0.000000
LASTPRINT FOR 2: :49983-49986	0.000000
LASTPRINT FOR 3: :49985-49986	0.666667
LASTPRINT FOR 0: :89-90	0.000000
LASTPRINT FOR 1: :84-90	0.000000
LASTPRINT FOR 2: :88-90	0.000000
LASTPRINT FOR 3: :89-90	1.000000
DEBUG c_tests/utils_tests.c: main:85 ----- RUNNING: ./c_tests/utils_tests
DEBUG c_tests/utils_tests.c: all_tests:79 
----- test_line_count
DEBUG c_tests/utils_tests.c: all_tests:80 
----- test_parse_file_name
LASTPRINT FOR 0: :49985-49985	0.333333
LASTPRINT FOR 1: :49973-49985	0.000000
LASTPRINT FOR 2: :49983-49985	0.000000
LASTPRINT FOR 3: :49985-49985	0.666667
LASTPRINT FOR 0: :89-89	0.000000
LASTPRINT FOR 1: :84-89	0.000000
LASTPRINT FOR 2: :88-89	0.000000
LASTPRINT FOR 3: :89-89	1.000000
DEBUG c_tests/utils_tests.c: main:85 ----- RUNNING: ./c_tests/utils_tests
DEBUG c_tests/utils_tests.c: all_tests:79 
----- test_line_count
DEBUG c_tests/utils_tests.c: all_tests:80 
----- test_parse_file_name
LASTPRINT FOR 0: :49985-49985	0.333333
LASTPRINT2 FOR 0: :49985-50001	0.000000
LASTPRINT FOR 1: :49973-49985	0.000000
LASTPRINT2 FOR 1: :49985-50001	0.000000
LASTPRINT FOR 2: :49983-49985	0.000000
LASTPRINT2 FOR 2: :49985-50001	0.000000
LASTPRINT FOR 3: :49985-49985	0.666667
LASTPRINT2 FOR 3: :49985-50001	0.000000
LASTPRINT FOR 0: :89-89	0.000000
LASTPRINT FOR 1: :84-89	0.000000
LASTPRINT FOR 2: :88-89	0.000000
LASTPRINT FOR 3: :89-89	1.000000
DEBUG c_tests/utils_tests.c: main:85 ----- RUNNING: ./c_tests/utils_tests
DEBUG c_tests/utils_tests.c: all_tests:79 
----- test_line_count
DEBUG c_tests/utils_tests.c: all_tests:80 
----- test_parse_file_name
LASTPRINT FOR 0: :49985-49986	0.333333
LASTPRINT2 FOR 0: :49986-50001	0.000000
LASTPRINT FOR 1: :49973-49986	0.000000
LASTPRINT2 FOR 1: :49986-50001	0.000000
LASTPRINT FOR 2: :49983-49986	0.000000
LASTPRINT2 FOR 2: :49986-50001	0.000000
LASTPRINT FOR 3: :49985-49986	0.666667
LASTPRINT2 FOR 3: :49986-50001	0.000000
LASTPRINT FOR 0: :89-90	0.000000
LASTPRINT FOR 1: :84-90	0.000000
LASTPRINT FOR 2: :88-90	0.000000
LASTPRINT FOR 3: :89-90	1.000000
DEBUG c_tests/utils_tests.c: main:85 ----- RUNNING: ./c_tests/utils_tests
DEBUG c_tests/utils_tests.c: all_tests:79 
----- test_line_count
DEBUG c_tests/utils_tests.c: all_tests:80 
----- test_parse_file_name
LASTPRINT FOR 0: :49985-49986	0.333333
LASTPRINT2 FOR 0: :49986-50001	0.000000
LASTPRINT FOR 1: :49973-49986	0.000000
LASTPRINT2 FOR 1: :49986-50001	0.000000
LASTPRINT FOR 2: :49983-49986	0.000000
LASTPRINT2 FOR 2: :49986-50001	0.000000
LASTPRINT FOR 3: :49985-49986	0.666667
LASTPRINT2 FOR 3: :49986-50001	0.000000
LASTPRINT FOR 0: :89-90	0.000000
LASTPRINT FOR 1: :84-90	0.000000
LASTPRINT FOR 2: :88-90	0.000000
LASTPRINT FOR 3: :89-90	1.000000
DEBUG c_tests/utils_tests.c: main:85 ----- RUNNING: ./c_tests/utils_tests
DEBUG c_tests/utils_tests.c: all_tests:79 
----- test_line_count
DEBUG c_tests/utils_tests.c: all_tests:80 
----- test_parse_file_name
LASTPRINT FOR 0: :49985-49985	0.333333
LASTPRINT2 FOR 0: :49985-50001	0.000000
LASTPRINT FOR 1: :49973-49985	0.000000
LASTPRINT2 FOR 1: :49985-50001	0.000000
LASTPRINT FOR 2: :49983-49985	0.000000
LASTPRINT2 FOR 2: :49985-50001	0.000000
LASTPRINT FOR 3: :49985-49985	0.666667
LASTPRINT2 FOR 3: :49985-50001	0.000000
LASTPRINT FOR 0: :89-89	0.000000
LASTPRINT FOR 1: :84-89	0.000000
LASTPRINT FOR 2: :88-89	0.000000
LASTPRINT FOR 3: :89-89	1.000000
DEBUG c_tests/utils_tests.c: main:85 ----- RUNNING: ./c_tests/utils_tests
DEBUG c_tests/utils_tests.c: all_tests:79 
----- test_line_count
DEBUG c_tests/utils_tests.c: all_tests:80 
----- test_parse_file_name
LASTPRINT FOR 0: :49985-49986	0.333333
LASTPRINT2 FOR 0: :49986-50001	0.000000
LASTPRINT FOR 1: :49973-49986	0.000000
LASTPRINT2 FOR 1: :49986-50001	0.000000
LASTPRINT FOR 2: :49983-49986	0.000000
LASTPRINT2 FOR 2: :49986-50001	0.000000
LASTPRINT FOR 3: :49985-49986	0.666667
LASTPRINT2 FOR 3: :49986-50001	0.000000
LASTPRINT FOR 0: :89-90	0.000000
LASTPRINT FOR 1: :84-90	0.000000
LASTPRINT FOR 2: :88-90	0.000000
LASTPRINT FOR 3: :89-90	1.000000
DEBUG c_tests/utils_tests.c: main:85 ----- RUNNING: ./c_tests/utils_tests
DEBUG c_tests/utils_tests.c: all_tests:79 
----- test_line_count
DEBUG c_tests/utils_tests.c: all_tests:80 
----- test_parse_file_name
[ERROR] (./bam2bwbases.c: main:325 errno: No such file or directory) Error adding region to bw ':49985-49986	0.333333'.
DEBUG c_tests/utils_tests.c: main:85 ----- RUNNING: ./c_tests/utils_tests
DEBUG c_tests/utils_tests.c: all_tests:79 
----- test_line_count
DEBUG c_tests/utils_tests.c: all_tests:80 
----- test_parse_file_name
[ERROR] (./bam2bwbases.c: main:325 errno: No such file or directory) Error adding region to bw ':49985-49986	0.333333'. Errno: 5
DEBUG c_tests/utils_tests.c: main:85 ----- RUNNING: ./c_tests/utils_tests
DEBUG c_tests/utils_tests.c: all_tests:79 
----- test_line_count
DEBUG c_tests/utils_tests.c: all_tests:80 
----- test_parse_file_name
[ERROR] (./bam2bwbases.c: main:325 errno: No such file or directory) Error adding region to bw ':49985-49986	0.333333'. TID: 0	Errno: 5
DEBUG c_tests/utils_tests.c: main:85 ----- RUNNING: ./c_tests/utils_tests
DEBUG c_tests/utils_tests.c: all_tests:79 
----- test_line_count
DEBUG c_tests/utils_tests.c: all_tests:80 
----- test_parse_file_name
LASTPRINT FOR 0: ctgA:49985-49986	0.333333
LASTPRINT2 FOR 0: ctgA:49986-50001	0.000000
LASTPRINT FOR 1: ctgA:49973-49986	0.000000
LASTPRINT2 FOR 1: ctgA:49986-50001	0.000000
LASTPRINT FOR 2: ctgA:49983-49986	0.000000
LASTPRINT2 FOR 2: ctgA:49986-50001	0.000000
LASTPRINT FOR 3: ctgA:49985-49986	0.666667
LASTPRINT2 FOR 3: ctgA:49986-50001	0.000000
LASTPRINT FOR 0: ctgA:89-90	0.000000
LASTPRINT FOR 1: ctgA:84-90	0.000000
LASTPRINT FOR 2: ctgA:88-90	0.000000
LASTPRINT FOR 3: ctgA:89-90	1.000000
DEBUG c_tests/utils_tests.c: main:85 ----- RUNNING: ./c_tests/utils_tests
DEBUG c_tests/utils_tests.c: all_tests:79 
----- test_line_count
DEBUG c_tests/utils_tests.c: all_tests:80 
----- test_parse_file_name
LASTPRINT FOR 0: ctgA:49985-49986	0.333333
LASTPRINT2 FOR 0: ctgA:49986-50001	0.000000
LASTPRINT FOR 1: ctgA:49973-49986	0.000000
LASTPRINT2 FOR 1: ctgA:49986-50001	0.000000
LASTPRINT FOR 2: ctgA:49983-49986	0.000000
LASTPRINT2 FOR 2: ctgA:49986-50001	0.000000
LASTPRINT FOR 3: ctgA:49985-49986	0.666667
LASTPRINT2 FOR 3: ctgA:49986-50001	0.000000
DEBUG c_tests/utils_tests.c: main:85 ----- RUNNING: ./c_tests/utils_tests
DEBUG c_tests/utils_tests.c: all_tests:79 
----- test_line_count
DEBUG c_tests/utils_tests.c: all_tests:80 
----- test_parse_file_name
LASTPRINT FOR 0: ctgA:49985-49986	0.333333
LASTPRINT2 FOR 0: ctgA:49986-50001	0.000000
LASTPRINT FOR 1: ctgA:49973-49986	0.000000
LASTPRINT2 FOR 1: ctgA:49986-50001	0.000000
LASTPRINT FOR 2: ctgA:49983-49986	0.000000
LASTPRINT2 FOR 2: ctgA:49986-50001	0.000000
LASTPRINT FOR 3: ctgA:49985-49986	0.666667
LASTPRINT2 FOR 3: ctgA:49986-50001	0.000000
LASTPRINT FOR 1: ctgA:84-90	0.000000
LASTPRINT FOR 2: ctgA:88-90	0.000000
DEBUG c_tests/utils_tests.c: main:85 ----- RUNNING: ./c_tests/utils_tests
DEBUG c_tests/utils_tests.c: all_tests:79 
----- test_line_count
DEBUG c_tests/utils_tests.c: all_tests:80 
----- test_parse_file_name
LASTPRINT FOR 0: ctgA:49985-49986	0.333333
LASTPRINT2 FOR 0: ctgA:49986-50001	0.000000
LASTPRINT FOR 1: ctgA:49973-49986	0.000000
LASTPRINT2 FOR 1: ctgA:49986-50001	0.000000
LASTPRINT FOR 2: ctgA:49983-49986	0.000000
LASTPRINT2 FOR 2: ctgA:49986-50001	0.000000
LASTPRINT FOR 3: ctgA:49985-49986	0.666667
LASTPRINT2 FOR 3: ctgA:49986-50001	0.000000
LASTPRINT FOR 1: ctgA:84-89	0.000000
LASTPRINT FOR 2: ctgA:88-89	0.000000
DEBUG c_tests/utils_tests.c: main:85 ----- RUNNING: ./c_tests/utils_tests
DEBUG c_tests/utils_tests.c: all_tests:79 
----- test_line_count
DEBUG c_tests/utils_tests.c: all_tests:80 
----- test_parse_file_name
DEBUG c_tests/utils_tests.c: main:85 ----- RUNNING: ./c_tests/utils_tests
DEBUG c_tests/utils_tests.c: all_tests:79 
----- test_line_count
DEBUG c_tests/utils_tests.c: all_tests:80 
----- test_parse_file_name
